{"C:\\Users\\anuj\\Desktop\\anuj\\local\\learn\\js\\demos\\testing\\lamadev-react-testing-lib-jest\\js-reveal-weakspots-with-coverage\\src\\generateItem.js": {"path":"C:\\Users\\anuj\\Desktop\\anuj\\local\\learn\\js\\demos\\testing\\lamadev-react-testing-lib-jest\\js-reveal-weakspots-with-coverage\\src\\generateItem.js","statementMap":{"0":{"start":{"line":1,"column":46},"end":{"line":1,"column":71}},"1":{"start":{"line":3,"column":21},"end":{"line":3,"column":60}},"2":{"start":{"line":4,"column":20},"end":{"line":4,"column":48}},"3":{"start":{"line":7,"column":13},"end":{"line":7,"column":14}},"4":{"start":{"line":8,"column":2},"end":{"line":14,"column":3}},"5":{"start":{"line":9,"column":4},"end":{"line":9,"column":31}},"6":{"start":{"line":10,"column":9},"end":{"line":14,"column":3}},"7":{"start":{"line":11,"column":4},"end":{"line":11,"column":31}},"8":{"start":{"line":13,"column":4},"end":{"line":13,"column":31}},"9":{"start":{"line":15,"column":2},"end":{"line":15,"column":14}},"10":{"start":{"line":19,"column":2},"end":{"line":24,"column":4}},"11":{"start":{"line":28,"column":2},"end":{"line":32,"column":4}},"12":{"start":{"line":36,"column":27},"end":{"line":36,"column":38}},"13":{"start":{"line":38,"column":2},"end":{"line":40,"column":3}},"14":{"start":{"line":39,"column":4},"end":{"line":39,"column":16}},"15":{"start":{"line":43,"column":4},"end":{"line":43,"column":66}},"16":{"start":{"line":45,"column":2},"end":{"line":45,"column":39}},"17":{"start":{"line":47,"column":2},"end":{"line":54,"column":3}},"18":{"start":{"line":48,"column":4},"end":{"line":48,"column":43}},"19":{"start":{"line":50,"column":4},"end":{"line":50,"column":44}},"20":{"start":{"line":52,"column":4},"end":{"line":52,"column":69}},"21":{"start":{"line":53,"column":4},"end":{"line":53,"column":67}},"22":{"start":{"line":55,"column":2},"end":{"line":55,"column":18}},"23":{"start":{"line":58,"column":0},"end":{"line":63,"column":2}}},"fnMap":{"0":{"name":"generateStat","decl":{"start":{"line":6,"column":9},"end":{"line":6,"column":21}},"loc":{"start":{"line":6,"column":30},"end":{"line":16,"column":1}},"line":6},"1":{"name":"generateBaseWeapon","decl":{"start":{"line":18,"column":9},"end":{"line":18,"column":27}},"loc":{"start":{"line":18,"column":30},"end":{"line":25,"column":1}},"line":18},"2":{"name":"generateBaseArmor","decl":{"start":{"line":27,"column":9},"end":{"line":27,"column":26}},"loc":{"start":{"line":27,"column":29},"end":{"line":33,"column":1}},"line":27},"3":{"name":"generateItem","decl":{"start":{"line":35,"column":9},"end":{"line":35,"column":21}},"loc":{"start":{"line":35,"column":40},"end":{"line":56,"column":1}},"line":35}},"branchMap":{"0":{"loc":{"start":{"line":8,"column":2},"end":{"line":14,"column":3}},"type":"if","locations":[{"start":{"line":8,"column":2},"end":{"line":14,"column":3}},{"start":{"line":10,"column":9},"end":{"line":14,"column":3}}],"line":8},"1":{"loc":{"start":{"line":10,"column":9},"end":{"line":14,"column":3}},"type":"if","locations":[{"start":{"line":10,"column":9},"end":{"line":14,"column":3}},{"start":{"line":12,"column":9},"end":{"line":14,"column":3}}],"line":10},"2":{"loc":{"start":{"line":35,"column":22},"end":{"line":35,"column":38}},"type":"default-arg","locations":[{"start":{"line":35,"column":36},"end":{"line":35,"column":38}}],"line":35},"3":{"loc":{"start":{"line":38,"column":2},"end":{"line":40,"column":3}},"type":"if","locations":[{"start":{"line":38,"column":2},"end":{"line":40,"column":3}},{"start":{},"end":{}}],"line":38},"4":{"loc":{"start":{"line":43,"column":4},"end":{"line":43,"column":66}},"type":"cond-expr","locations":[{"start":{"line":43,"column":24},"end":{"line":43,"column":44}},{"start":{"line":43,"column":47},"end":{"line":43,"column":66}}],"line":43},"5":{"loc":{"start":{"line":45,"column":20},"end":{"line":45,"column":38}},"type":"binary-expr","locations":[{"start":{"line":45,"column":20},"end":{"line":45,"column":26}},{"start":{"line":45,"column":30},"end":{"line":45,"column":38}}],"line":45},"6":{"loc":{"start":{"line":47,"column":2},"end":{"line":54,"column":3}},"type":"if","locations":[{"start":{"line":47,"column":2},"end":{"line":54,"column":3}},{"start":{"line":49,"column":9},"end":{"line":54,"column":3}}],"line":47},"7":{"loc":{"start":{"line":53,"column":28},"end":{"line":53,"column":66}},"type":"cond-expr","locations":[{"start":{"line":53,"column":61},"end":{"line":53,"column":62}},{"start":{"line":53,"column":65},"end":{"line":53,"column":66}}],"line":53}},"s":{"0":1,"1":1,"2":1,"3":3,"4":3,"5":1,"6":2,"7":1,"8":1,"9":3,"10":2,"11":1,"12":4,"13":4,"14":1,"15":3,"16":3,"17":3,"18":2,"19":1,"20":1,"21":1,"22":3,"23":1},"f":{"0":3,"1":2,"2":1,"3":4},"b":{"0":[1,2],"1":[1,1],"2":[1],"3":[1,3],"4":[2,1],"5":[3,1],"6":[2,1],"7":[0,1]},"_coverageSchema":"1a1c01bbd47fc00a2c39e90264f33305004495a9","hash":"fc0db9f74a4513bf79238dec7d8944e8900ff732"}
,"C:\\Users\\anuj\\Desktop\\anuj\\local\\learn\\js\\demos\\testing\\lamadev-react-testing-lib-jest\\js-reveal-weakspots-with-coverage\\src\\utils\\getBiggestChange.js": {"path":"C:\\Users\\anuj\\Desktop\\anuj\\local\\learn\\js\\demos\\testing\\lamadev-react-testing-lib-jest\\js-reveal-weakspots-with-coverage\\src\\utils\\getBiggestChange.js","statementMap":{"0":{"start":{"line":2,"column":18},"end":{"line":2,"column":23}},"1":{"start":{"line":3,"column":17},"end":{"line":8,"column":3}},"2":{"start":{"line":10,"column":2},"end":{"line":12,"column":3}},"3":{"start":{"line":11,"column":4},"end":{"line":11,"column":17}},"4":{"start":{"line":14,"column":2},"end":{"line":29,"column":3}},"5":{"start":{"line":15,"column":4},"end":{"line":28,"column":5}},"6":{"start":{"line":16,"column":6},"end":{"line":16,"column":52}},"7":{"start":{"line":17,"column":6},"end":{"line":17,"column":34}},"8":{"start":{"line":18,"column":11},"end":{"line":28,"column":5}},"9":{"start":{"line":19,"column":6},"end":{"line":19,"column":47}},"10":{"start":{"line":20,"column":6},"end":{"line":20,"column":33}},"11":{"start":{"line":21,"column":11},"end":{"line":28,"column":5}},"12":{"start":{"line":22,"column":6},"end":{"line":22,"column":48}},"13":{"start":{"line":23,"column":6},"end":{"line":23,"column":32}},"14":{"start":{"line":25,"column":6},"end":{"line":25,"column":31}},"15":{"start":{"line":26,"column":6},"end":{"line":26,"column":19}},"16":{"start":{"line":27,"column":6},"end":{"line":27,"column":19}},"17":{"start":{"line":31,"column":2},"end":{"line":31,"column":15}},"18":{"start":{"line":34,"column":0},"end":{"line":34,"column":33}}},"fnMap":{"0":{"name":"getBiggestChange","decl":{"start":{"line":1,"column":9},"end":{"line":1,"column":25}},"loc":{"start":{"line":1,"column":33},"end":{"line":32,"column":1}},"line":1}},"branchMap":{"0":{"loc":{"start":{"line":10,"column":2},"end":{"line":12,"column":3}},"type":"if","locations":[{"start":{"line":10,"column":2},"end":{"line":12,"column":3}},{"start":{},"end":{}}],"line":10},"1":{"loc":{"start":{"line":10,"column":6},"end":{"line":10,"column":26}},"type":"binary-expr","locations":[{"start":{"line":10,"column":6},"end":{"line":10,"column":12}},{"start":{"line":10,"column":16},"end":{"line":10,"column":26}}],"line":10},"2":{"loc":{"start":{"line":15,"column":4},"end":{"line":28,"column":5}},"type":"if","locations":[{"start":{"line":15,"column":4},"end":{"line":28,"column":5}},{"start":{"line":18,"column":11},"end":{"line":28,"column":5}}],"line":15},"3":{"loc":{"start":{"line":18,"column":11},"end":{"line":28,"column":5}},"type":"if","locations":[{"start":{"line":18,"column":11},"end":{"line":28,"column":5}},{"start":{"line":21,"column":11},"end":{"line":28,"column":5}}],"line":18},"4":{"loc":{"start":{"line":21,"column":11},"end":{"line":28,"column":5}},"type":"if","locations":[{"start":{"line":21,"column":11},"end":{"line":28,"column":5}},{"start":{"line":24,"column":11},"end":{"line":28,"column":5}}],"line":21}},"s":{"0":5,"1":5,"2":5,"3":1,"4":4,"5":5,"6":2,"7":2,"8":3,"9":1,"10":1,"11":2,"12":1,"13":1,"14":1,"15":1,"16":1,"17":3,"18":1},"f":{"0":5},"b":{"0":[1,4],"1":[5,4],"2":[2,3],"3":[1,2],"4":[1,1]},"_coverageSchema":"1a1c01bbd47fc00a2c39e90264f33305004495a9","hash":"16ff7282a17ec0d8786218dbd792f321ef2b9a38"}
,"C:\\Users\\anuj\\Desktop\\anuj\\local\\learn\\js\\demos\\testing\\lamadev-react-testing-lib-jest\\js-reveal-weakspots-with-coverage\\src\\utils\\helper.js": {"path":"C:\\Users\\anuj\\Desktop\\anuj\\local\\learn\\js\\demos\\testing\\lamadev-react-testing-lib-jest\\js-reveal-weakspots-with-coverage\\src\\utils\\helper.js","statementMap":{"0":{"start":{"line":2,"column":2},"end":{"line":2,"column":41}},"1":{"start":{"line":6,"column":2},"end":{"line":6,"column":23}},"2":{"start":{"line":7,"column":2},"end":{"line":7,"column":24}},"3":{"start":{"line":8,"column":2},"end":{"line":8,"column":55}},"4":{"start":{"line":11,"column":0},"end":{"line":14,"column":2}}},"fnMap":{"0":{"name":"getRandomInt","decl":{"start":{"line":1,"column":9},"end":{"line":1,"column":21}},"loc":{"start":{"line":1,"column":27},"end":{"line":3,"column":1}},"line":1},"1":{"name":"getRandomIntInRange","decl":{"start":{"line":5,"column":9},"end":{"line":5,"column":28}},"loc":{"start":{"line":5,"column":39},"end":{"line":9,"column":1}},"line":5}},"branchMap":{},"s":{"0":26,"1":20,"2":20,"3":20,"4":2},"f":{"0":26,"1":20},"b":{},"_coverageSchema":"1a1c01bbd47fc00a2c39e90264f33305004495a9","hash":"07e24a03b71e603de70e7fcba21ede5f41071570"}
}
