TN:
SF:src\generateItem.js
FN:6,generateStat
FN:18,generateBaseWeapon
FN:27,generateBaseArmor
FN:35,generateItem
FNF:4
FNH:4
FNDA:3,generateStat
FNDA:2,generateBaseWeapon
FNDA:1,generateBaseArmor
FNDA:4,generateItem
DA:1,1
DA:3,1
DA:4,1
DA:7,3
DA:8,3
DA:9,1
DA:10,2
DA:11,1
DA:13,1
DA:15,3
DA:19,2
DA:28,1
DA:36,4
DA:38,4
DA:39,1
DA:43,3
DA:45,3
DA:47,3
DA:48,2
DA:50,1
DA:52,1
DA:53,1
DA:55,3
DA:58,1
LF:24
LH:24
BRDA:8,0,0,1
BRDA:8,0,1,2
BRDA:10,1,0,1
BRDA:10,1,1,1
BRDA:35,2,0,1
BRDA:38,3,0,1
BRDA:38,3,1,3
BRDA:43,4,0,2
BRDA:43,4,1,1
BRDA:45,5,0,3
BRDA:45,5,1,1
BRDA:47,6,0,2
BRDA:47,6,1,1
BRDA:53,7,0,0
BRDA:53,7,1,1
BRF:15
BRH:14
end_of_record
TN:
SF:src\utils\getBiggestChange.js
FN:1,getBiggestChange
FNF:1
FNH:1
FNDA:5,getBiggestChange
DA:2,5
DA:3,5
DA:10,5
DA:11,1
DA:14,4
DA:15,5
DA:16,2
DA:17,2
DA:18,3
DA:19,1
DA:20,1
DA:21,2
DA:22,1
DA:23,1
DA:25,1
DA:26,1
DA:27,1
DA:31,3
DA:34,1
LF:19
LH:19
BRDA:10,0,0,1
BRDA:10,0,1,4
BRDA:10,1,0,5
BRDA:10,1,1,4
BRDA:15,2,0,2
BRDA:15,2,1,3
BRDA:18,3,0,1
BRDA:18,3,1,2
BRDA:21,4,0,1
BRDA:21,4,1,1
BRF:10
BRH:10
end_of_record
TN:
SF:src\utils\helper.js
FN:1,getRandomInt
FN:5,getRandomIntInRange
FNF:2
FNH:2
FNDA:26,getRandomInt
FNDA:20,getRandomIntInRange
DA:2,26
DA:6,20
DA:7,20
DA:8,20
DA:11,2
LF:5
LH:5
BRF:0
BRH:0
end_of_record
