{"C:\\Users\\anuj\\Desktop\\anuj\\local\\learn\\js\\demos\\testing\\lamadev-react-testing-lib-jest\\js-test-basic-jest\\mew.js": {"path":"C:\\Users\\anuj\\Desktop\\anuj\\local\\learn\\js\\demos\\testing\\lamadev-react-testing-lib-jest\\js-test-basic-jest\\mew.js","statementMap":{"0":{"start":{"line":1,"column":12},"end":{"line":1,"column":25}},"1":{"start":{"line":3,"column":0},"end":{"line":3,"column":21}}},"fnMap":{},"branchMap":{},"s":{"0":1,"1":1},"f":{},"b":{},"_coverageSchema":"1a1c01bbd47fc00a2c39e90264f33305004495a9","hash":"e23415bff6046f6ad1531cbf435eead6a812a928"}
,"C:\\Users\\anuj\\Desktop\\anuj\\local\\learn\\js\\demos\\testing\\lamadev-react-testing-lib-jest\\js-test-basic-jest\\woof.js": {"path":"C:\\Users\\anuj\\Desktop\\anuj\\local\\learn\\js\\demos\\testing\\lamadev-react-testing-lib-jest\\js-test-basic-jest\\woof.js","statementMap":{"0":{"start":{"line":2,"column":2},"end":{"line":4,"column":3}},"1":{"start":{"line":3,"column":4},"end":{"line":3,"column":42}},"2":{"start":{"line":6,"column":2},"end":{"line":6,"column":30}},"3":{"start":{"line":9,"column":0},"end":{"line":9,"column":22}}},"fnMap":{"0":{"name":"woof","decl":{"start":{"line":1,"column":9},"end":{"line":1,"column":13}},"loc":{"start":{"line":1,"column":19},"end":{"line":7,"column":1}},"line":1}},"branchMap":{"0":{"loc":{"start":{"line":2,"column":2},"end":{"line":4,"column":3}},"type":"if","locations":[{"start":{"line":2,"column":2},"end":{"line":4,"column":3}},{"start":{},"end":{}}],"line":2}},"s":{"0":2,"1":1,"2":1,"3":1},"f":{"0":2},"b":{"0":[1,1]},"_coverageSchema":"1a1c01bbd47fc00a2c39e90264f33305004495a9","hash":"3eea339da046b34a725df18157e2f88b891a55c3"}
}
